<?xml version="1.0" encoding="UTF-8" ?>
<testsuites errors="2"
            failures="1"
            tests="4">

  <testsuite name="login"
    errors="2" failures="1" hostname="" id="" package="login" skipped="1"
    tests="4" time="81.76" timestamp="">
  
    <testcase name="login" classname="login" time="14.74" assertions="9">

    

    

    

    

    

    

    

    

    
    </testcase>
  
    <testcase name="Update Account Info" classname="login" time="17.90" assertions="16">

    

    

    

    

    

    

    

    

    

    

    

    

    

    

    

    
    </testcase>
  
    <testcase name="Update Zip in Menu Dropdown" classname="login" time="12.29" assertions="4">

    

    

    

    
    </testcase>
  
    <testcase name="Find Value of Car" classname="login" time="36.83" assertions="11">

    

    

    

    

    

    

    

    

    

      <failure message="Timed out while waiting for element &lt;[href=&#34;/dodge/journey/2015/avp-sport-utility-4d/?vehicleid=400621&amp;intent=buy-used&amp;mileage=64326&amp;pricetype=cpo&amp;condition=very-good&#34;]&gt; to be present for 5000 milliseconds. - expected [0;32m&#34;visible&#34;[0m but got: [0;31m&#34;not found&#34;[0m">    at Page.findCarValue (C:\Users\Veneren\DevMountain\kbbProject\pageObjects\kbbPage.js:260:22)
    at Object.Find Value of Car (C:\Users\Veneren\DevMountain\kbbProject\tests\login.js:52:14)</failure>

    <failure message="    at Page.findCarValue (C:\Users\Veneren\DevMountain\kbbProject\pageObjects\kbbPage.js:260:22)">    at Object.Find Value of Car (C:\Users\Veneren\DevMountain\kbbProject\tests\login.js:52:14)</failure>
    </testcase>
  

  

  
    
    <testcase
      name="Find Value of MY Car" classname="login">
      <skipped />
    </testcase>
    
  
  </testsuite>
</testsuites>
